0 info it worked if it ends with ok
1 verbose cli [ '/usr/bin/node', '/usr/bin/npm', 'install', 'nodejs' ]
2 info using npm@1.2.17
3 info using node@v0.10.3
4 verbose node symlink /usr/bin/node
5 verbose read json /home/artur/dev/eti/inreru/inreru/package.json
6 verbose read json /home/artur/dev/eti/inreru/inreru/node_modules/node/package.json
7 verbose read json /home/artur/dev/eti/inreru/inreru/package.json
8 verbose cache add [ 'nodejs', null ]
9 verbose cache add name=undefined spec="nodejs" args=["nodejs",null]
10 verbose parsed url { protocol: null,
10 verbose parsed url   slashes: null,
10 verbose parsed url   auth: null,
10 verbose parsed url   host: null,
10 verbose parsed url   port: null,
10 verbose parsed url   hostname: null,
10 verbose parsed url   hash: null,
10 verbose parsed url   search: null,
10 verbose parsed url   query: null,
10 verbose parsed url   pathname: 'nodejs',
10 verbose parsed url   path: 'nodejs',
10 verbose parsed url   href: 'nodejs' }
11 silly lockFile 9690950b-nodejs nodejs
12 verbose lock nodejs /home/artur/.npm/9690950b-nodejs.lock
13 silly lockFile 9690950b-nodejs nodejs
14 silly lockFile 9690950b-nodejs nodejs
15 verbose addNamed [ 'nodejs', '' ]
16 verbose addNamed [ null, '' ]
17 silly lockFile a2ebca96-nodejs nodejs@
18 verbose lock nodejs@ /home/artur/.npm/a2ebca96-nodejs.lock
19 silly addNameRange { name: 'nodejs', range: '', hasData: false }
20 verbose url raw nodejs
21 verbose url resolving [ 'https://registry.npmjs.org/', './nodejs' ]
22 verbose url resolved https://registry.npmjs.org/nodejs
23 info trying registry request attempt 1 at 12:25:54
24 http GET https://registry.npmjs.org/nodejs
25 http 404 https://registry.npmjs.org/nodejs
26 silly registry.get cb [ 404,
26 silly registry.get   { server: 'CouchDB/1.3.0 (Erlang OTP/R15B03)',
26 silly registry.get     date: 'Sun, 05 May 2013 10:25:55 GMT',
26 silly registry.get     'content-type': 'application/json',
26 silly registry.get     'content-length': '52',
26 silly registry.get     'cache-control': 'must-revalidate' } ]
27 silly lockFile a2ebca96-nodejs nodejs@
28 silly lockFile a2ebca96-nodejs nodejs@
29 error 404 'nodejs' is not in the npm registry.
29 error 404 You should bug the author to publish it
29 error 404
29 error 404 Note that you can also install from a
29 error 404 tarball, folder, or http url, or git url.
30 error System Linux 3.5.0-17-generic
31 error command "/usr/bin/node" "/usr/bin/npm" "install" "nodejs"
32 error cwd /home/artur/dev/eti/inreru/inreru
33 error node -v v0.10.3
34 error npm -v 1.2.17
35 error code E404
36 verbose exit [ 1, true ]
